<?xml version="1.0" encoding="UTF-8"?>
<coverage generated="1617836498281" clover="3.2.0">
  <project timestamp="1617836498281" name="All files">
    <metrics statements="25" coveredstatements="17" conditionals="6" coveredconditionals="3" methods="9" coveredmethods="5" elements="40" coveredelements="25" complexity="0" loc="25" ncloc="25" packages="1" files="1" classes="1"/>
    <file name="api.js" path="/home/laboratoria/Documents/LIM014-mdlinks/api.js">
      <metrics statements="25" coveredstatements="17" conditionals="6" coveredconditionals="3" methods="9" coveredmethods="5"/>
      <line num="1" count="1" type="stmt"/>
      <line num="2" count="1" type="stmt"/>
      <line num="5" count="0" type="cond" truecount="0" falsecount="2"/>
      <line num="11" count="0" type="stmt"/>
      <line num="16" count="2" type="stmt"/>
      <line num="19" count="3" type="stmt"/>
      <line num="22" count="1" type="stmt"/>
      <line num="23" count="2" type="stmt"/>
      <line num="24" count="2" type="stmt"/>
      <line num="25" count="2" type="stmt"/>
      <line num="26" count="3" type="stmt"/>
      <line num="27" count="3" type="cond" truecount="2" falsecount="0"/>
      <line num="28" count="2" type="stmt"/>
      <line num="29" count="1" type="cond" truecount="1" falsecount="1"/>
      <line num="30" count="1" type="stmt"/>
      <line num="33" count="2" type="stmt"/>
      <line num="37" count="1" type="stmt"/>
      <line num="39" count="1" type="stmt"/>
      <line num="40" count="0" type="stmt"/>
      <line num="41" count="0" type="stmt"/>
      <line num="42" count="0" type="stmt"/>
      <line num="43" count="0" type="stmt"/>
      <line num="44" count="0" type="stmt"/>
      <line num="46" count="0" type="stmt"/>
      <line num="75" count="1" type="stmt"/>
    </file>
  </project>
</coverage>
