{"/home/laboratoria/Documents/LIM014-mdlinks/index.js": {"path":"/home/laboratoria/Documents/LIM014-mdlinks/index.js","statementMap":{"0":{"start":{"line":1,"column":13},"end":{"line":1,"column":28}},"1":{"start":{"line":3,"column":11},"end":{"line":3,"column":24}},"2":{"start":{"line":5,"column":14},"end":{"line":5,"column":75}},"3":{"start":{"line":15,"column":2},"end":{"line":15,"column":68}},"4":{"start":{"line":19,"column":21},"end":{"line":19,"column":40}},"5":{"start":{"line":21,"column":0},"end":{"line":21,"column":26}},"6":{"start":{"line":24,"column":2},"end":{"line":24,"column":29}},"7":{"start":{"line":28,"column":17},"end":{"line":32,"column":1}},"8":{"start":{"line":29,"column":15},"end":{"line":29,"column":32}},"9":{"start":{"line":30,"column":21},"end":{"line":30,"column":43}},"10":{"start":{"line":31,"column":2},"end":{"line":31,"column":20}},"11":{"start":{"line":33,"column":0},"end":{"line":33,"column":80}},"12":{"start":{"line":39,"column":14},"end":{"line":43,"column":1}},"13":{"start":{"line":40,"column":16},"end":{"line":40,"column":33}},"14":{"start":{"line":41,"column":22},"end":{"line":41,"column":45}},"15":{"start":{"line":42,"column":2},"end":{"line":42,"column":21}},"16":{"start":{"line":44,"column":0},"end":{"line":44,"column":19}},"17":{"start":{"line":47,"column":14},"end":{"line":47,"column":42}},"18":{"start":{"line":47,"column":24},"end":{"line":47,"column":42}},"19":{"start":{"line":48,"column":0},"end":{"line":48,"column":26}},"20":{"start":{"line":50,"column":16},"end":{"line":63,"column":1}},"21":{"start":{"line":51,"column":14},"end":{"line":51,"column":16}},"22":{"start":{"line":52,"column":18},"end":{"line":52,"column":38}},"23":{"start":{"line":53,"column":2},"end":{"line":53,"column":23}},"24":{"start":{"line":54,"column":2},"end":{"line":61,"column":5}},"25":{"start":{"line":55,"column":21},"end":{"line":55,"column":43}},"26":{"start":{"line":56,"column":4},"end":{"line":60,"column":5}},"27":{"start":{"line":57,"column":6},"end":{"line":57,"column":27}},"28":{"start":{"line":58,"column":11},"end":{"line":60,"column":5}},"29":{"start":{"line":59,"column":6},"end":{"line":59,"column":46}},"30":{"start":{"line":62,"column":2},"end":{"line":62,"column":15}},"31":{"start":{"line":64,"column":0},"end":{"line":64,"column":79}},"32":{"start":{"line":67,"column":20},"end":{"line":67,"column":60}},"33":{"start":{"line":67,"column":30},"end":{"line":67,"column":60}},"34":{"start":{"line":68,"column":0},"end":{"line":68,"column":32}},"35":{"start":{"line":71,"column":19},"end":{"line":71,"column":39}},"36":{"start":{"line":72,"column":0},"end":{"line":72,"column":24}},"37":{"start":{"line":75,"column":18},"end":{"line":76,"column":35}},"38":{"start":{"line":77,"column":0},"end":{"line":77,"column":23}},"39":{"start":{"line":79,"column":0},"end":{"line":85,"column":2}}},"fnMap":{"0":{"name":"validatePath","decl":{"start":{"line":14,"column":9},"end":{"line":14,"column":21}},"loc":{"start":{"line":14,"column":28},"end":{"line":18,"column":1}},"line":14},"1":{"name":"validateIfPathExists","decl":{"start":{"line":23,"column":9},"end":{"line":23,"column":29}},"loc":{"start":{"line":23,"column":36},"end":{"line":26,"column":1}},"line":23},"2":{"name":"(anonymous_2)","decl":{"start":{"line":28,"column":17},"end":{"line":28,"column":18}},"loc":{"start":{"line":28,"column":27},"end":{"line":32,"column":1}},"line":28},"3":{"name":"(anonymous_3)","decl":{"start":{"line":39,"column":14},"end":{"line":39,"column":15}},"loc":{"start":{"line":39,"column":24},"end":{"line":43,"column":1}},"line":39},"4":{"name":"(anonymous_4)","decl":{"start":{"line":47,"column":14},"end":{"line":47,"column":15}},"loc":{"start":{"line":47,"column":24},"end":{"line":47,"column":42}},"line":47},"5":{"name":"(anonymous_5)","decl":{"start":{"line":50,"column":16},"end":{"line":50,"column":17}},"loc":{"start":{"line":50,"column":26},"end":{"line":63,"column":1}},"line":50},"6":{"name":"(anonymous_6)","decl":{"start":{"line":54,"column":18},"end":{"line":54,"column":19}},"loc":{"start":{"line":54,"column":29},"end":{"line":61,"column":3}},"line":54},"7":{"name":"(anonymous_7)","decl":{"start":{"line":67,"column":20},"end":{"line":67,"column":21}},"loc":{"start":{"line":67,"column":30},"end":{"line":67,"column":60}},"line":67}},"branchMap":{"0":{"loc":{"start":{"line":15,"column":9},"end":{"line":15,"column":67}},"type":"cond-expr","locations":[{"start":{"line":15,"column":42},"end":{"line":15,"column":46}},{"start":{"line":15,"column":49},"end":{"line":15,"column":67}}],"line":15},"1":{"loc":{"start":{"line":56,"column":4},"end":{"line":60,"column":5}},"type":"if","locations":[{"start":{"line":56,"column":4},"end":{"line":60,"column":5}},{"start":{"line":56,"column":4},"end":{"line":60,"column":5}}],"line":56},"2":{"loc":{"start":{"line":58,"column":11},"end":{"line":60,"column":5}},"type":"if","locations":[{"start":{"line":58,"column":11},"end":{"line":60,"column":5}},{"start":{"line":58,"column":11},"end":{"line":60,"column":5}}],"line":58}},"s":{"0":1,"1":1,"2":1,"3":1,"4":1,"5":1,"6":0,"7":1,"8":1,"9":1,"10":1,"11":1,"12":1,"13":3,"14":3,"15":3,"16":1,"17":1,"18":7,"19":1,"20":1,"21":4,"22":4,"23":4,"24":4,"25":6,"26":6,"27":4,"28":2,"29":2,"30":4,"31":1,"32":1,"33":2,"34":1,"35":1,"36":1,"37":1,"38":1,"39":1},"f":{"0":1,"1":0,"2":1,"3":3,"4":7,"5":4,"6":6,"7":2},"b":{"0":[1,0],"1":[4,2],"2":[2,0]},"_coverageSchema":"1a1c01bbd47fc00a2c39e90264f33305004495a9","hash":"ed5cc589c3630267c970f1f1813c64cf87b1bf70"}
}
