{"/home/laboratoria/Documents/LIM014-mdlinks/api.js": {"path":"/home/laboratoria/Documents/LIM014-mdlinks/api.js","statementMap":{"0":{"start":{"line":1,"column":13},"end":{"line":1,"column":28}},"1":{"start":{"line":2,"column":11},"end":{"line":2,"column":24}},"2":{"start":{"line":5,"column":2},"end":{"line":5,"column":68}},"3":{"start":{"line":11,"column":2},"end":{"line":11,"column":29}},"4":{"start":{"line":16,"column":14},"end":{"line":16,"column":55}},"5":{"start":{"line":16,"column":24},"end":{"line":16,"column":55}},"6":{"start":{"line":19,"column":14},"end":{"line":19,"column":42}},"7":{"start":{"line":19,"column":24},"end":{"line":19,"column":42}},"8":{"start":{"line":22,"column":16},"end":{"line":34,"column":1}},"9":{"start":{"line":23,"column":14},"end":{"line":23,"column":16}},"10":{"start":{"line":24,"column":18},"end":{"line":24,"column":38}},"11":{"start":{"line":25,"column":2},"end":{"line":32,"column":5}},"12":{"start":{"line":26,"column":21},"end":{"line":26,"column":43}},"13":{"start":{"line":27,"column":4},"end":{"line":31,"column":5}},"14":{"start":{"line":28,"column":6},"end":{"line":28,"column":27}},"15":{"start":{"line":29,"column":11},"end":{"line":31,"column":5}},"16":{"start":{"line":30,"column":6},"end":{"line":30,"column":46}},"17":{"start":{"line":33,"column":2},"end":{"line":33,"column":15}},"18":{"start":{"line":37,"column":17},"end":{"line":37,"column":57}},"19":{"start":{"line":37,"column":27},"end":{"line":37,"column":57}},"20":{"start":{"line":39,"column":16},"end":{"line":47,"column":1}},"21":{"start":{"line":40,"column":20},"end":{"line":40,"column":30}},"22":{"start":{"line":41,"column":21},"end":{"line":41,"column":23}},"23":{"start":{"line":42,"column":2},"end":{"line":45,"column":5}},"24":{"start":{"line":43,"column":17},"end":{"line":43,"column":34}},"25":{"start":{"line":44,"column":4},"end":{"line":44,"column":26}},"26":{"start":{"line":46,"column":2},"end":{"line":46,"column":20}},"27":{"start":{"line":75,"column":0},"end":{"line":83,"column":2}}},"fnMap":{"0":{"name":"pathIsAbsolute","decl":{"start":{"line":4,"column":9},"end":{"line":4,"column":23}},"loc":{"start":{"line":4,"column":30},"end":{"line":8,"column":1}},"line":4},"1":{"name":"validateIfPathExists","decl":{"start":{"line":10,"column":9},"end":{"line":10,"column":29}},"loc":{"start":{"line":10,"column":36},"end":{"line":13,"column":1}},"line":10},"2":{"name":"(anonymous_2)","decl":{"start":{"line":16,"column":14},"end":{"line":16,"column":15}},"loc":{"start":{"line":16,"column":24},"end":{"line":16,"column":55}},"line":16},"3":{"name":"(anonymous_3)","decl":{"start":{"line":19,"column":14},"end":{"line":19,"column":15}},"loc":{"start":{"line":19,"column":24},"end":{"line":19,"column":42}},"line":19},"4":{"name":"(anonymous_4)","decl":{"start":{"line":22,"column":16},"end":{"line":22,"column":17}},"loc":{"start":{"line":22,"column":26},"end":{"line":34,"column":1}},"line":22},"5":{"name":"(anonymous_5)","decl":{"start":{"line":25,"column":18},"end":{"line":25,"column":19}},"loc":{"start":{"line":25,"column":29},"end":{"line":32,"column":3}},"line":25},"6":{"name":"(anonymous_6)","decl":{"start":{"line":37,"column":17},"end":{"line":37,"column":18}},"loc":{"start":{"line":37,"column":27},"end":{"line":37,"column":57}},"line":37},"7":{"name":"(anonymous_7)","decl":{"start":{"line":39,"column":16},"end":{"line":39,"column":17}},"loc":{"start":{"line":39,"column":23},"end":{"line":47,"column":1}},"line":39},"8":{"name":"(anonymous_8)","decl":{"start":{"line":42,"column":20},"end":{"line":42,"column":21}},"loc":{"start":{"line":42,"column":33},"end":{"line":45,"column":3}},"line":42}},"branchMap":{"0":{"loc":{"start":{"line":5,"column":9},"end":{"line":5,"column":67}},"type":"cond-expr","locations":[{"start":{"line":5,"column":42},"end":{"line":5,"column":46}},{"start":{"line":5,"column":49},"end":{"line":5,"column":67}}],"line":5},"1":{"loc":{"start":{"line":27,"column":4},"end":{"line":31,"column":5}},"type":"if","locations":[{"start":{"line":27,"column":4},"end":{"line":31,"column":5}},{"start":{"line":27,"column":4},"end":{"line":31,"column":5}}],"line":27},"2":{"loc":{"start":{"line":29,"column":11},"end":{"line":31,"column":5}},"type":"if","locations":[{"start":{"line":29,"column":11},"end":{"line":31,"column":5}},{"start":{"line":29,"column":11},"end":{"line":31,"column":5}}],"line":29}},"s":{"0":1,"1":1,"2":0,"3":0,"4":1,"5":2,"6":1,"7":3,"8":1,"9":2,"10":2,"11":2,"12":3,"13":3,"14":2,"15":1,"16":1,"17":2,"18":1,"19":1,"20":1,"21":0,"22":0,"23":0,"24":0,"25":0,"26":0,"27":1},"f":{"0":0,"1":0,"2":2,"3":3,"4":2,"5":3,"6":1,"7":0,"8":0},"b":{"0":[0,0],"1":[2,1],"2":[1,0]},"_coverageSchema":"1a1c01bbd47fc00a2c39e90264f33305004495a9","hash":"f06c1c67b98bf6fd53a98c9093d8d4d93b3e8d7b"}
}
