TN:
SF:api.js
FN:7,pathIsAbsolute
FN:13,validateIfPathExists
FN:19,(anonymous_2)
FN:22,(anonymous_3)
FN:25,(anonymous_4)
FN:28,(anonymous_5)
FN:40,(anonymous_6)
FN:42,(anonymous_7)
FN:47,(anonymous_8)
FN:48,(anonymous_9)
FN:53,(anonymous_10)
FN:72,(anonymous_11)
FN:73,(anonymous_12)
FN:80,(anonymous_13)
FN:94,(anonymous_14)
FN:95,(anonymous_15)
FN:99,(anonymous_16)
FNF:17
FNH:13
FNDA:0,pathIsAbsolute
FNDA:1,validateIfPathExists
FNDA:2,(anonymous_2)
FNDA:4,(anonymous_3)
FNDA:2,(anonymous_4)
FNDA:3,(anonymous_5)
FNDA:3,(anonymous_6)
FNDA:2,(anonymous_7)
FNDA:1,(anonymous_8)
FNDA:1,(anonymous_9)
FNDA:1,(anonymous_10)
FNDA:2,(anonymous_11)
FNDA:1,(anonymous_12)
FNDA:1,(anonymous_13)
FNDA:0,(anonymous_14)
FNDA:0,(anonymous_15)
FNDA:0,(anonymous_16)
DA:1,2
DA:2,2
DA:4,2
DA:5,2
DA:6,2
DA:8,0
DA:14,1
DA:19,2
DA:22,4
DA:25,2
DA:26,2
DA:27,2
DA:28,2
DA:29,3
DA:30,3
DA:31,2
DA:32,1
DA:33,1
DA:36,2
DA:40,3
DA:42,2
DA:47,2
DA:48,1
DA:49,1
DA:50,1
DA:52,1
DA:53,1
DA:54,1
DA:55,1
DA:56,1
DA:57,1
DA:63,1
DA:65,1
DA:70,2
DA:72,2
DA:74,1
DA:75,1
DA:76,1
DA:83,1
DA:84,1
DA:85,1
DA:87,0
DA:88,0
DA:90,1
DA:94,2
DA:95,0
DA:96,0
DA:97,0
DA:98,0
DA:99,0
DA:100,0
DA:101,0
DA:102,0
DA:103,0
DA:104,0
DA:106,0
DA:108,0
DA:111,2
LF:58
LH:43
BRDA:8,0,0,0
BRDA:8,0,1,0
BRDA:30,1,0,2
BRDA:30,1,1,1
BRDA:32,2,0,1
BRDA:32,2,1,0
BRDA:83,3,0,1
BRDA:83,3,1,0
BRF:8
BRH:4
end_of_record
