TN:
SF:index.js
FN:14,validatePath
FN:23,validateIfPathExists
FN:28,(anonymous_2)
FN:39,(anonymous_3)
FN:47,(anonymous_4)
FN:50,(anonymous_5)
FN:54,(anonymous_6)
FN:67,(anonymous_7)
FNF:8
FNH:7
FNDA:1,validatePath
FNDA:0,validateIfPathExists
FNDA:1,(anonymous_2)
FNDA:3,(anonymous_3)
FNDA:7,(anonymous_4)
FNDA:4,(anonymous_5)
FNDA:6,(anonymous_6)
FNDA:2,(anonymous_7)
DA:1,1
DA:3,1
DA:5,1
DA:15,1
DA:19,1
DA:21,1
DA:24,0
DA:28,1
DA:29,1
DA:30,1
DA:31,1
DA:33,1
DA:39,1
DA:40,3
DA:41,3
DA:42,3
DA:44,1
DA:47,7
DA:48,1
DA:50,1
DA:51,4
DA:52,4
DA:53,4
DA:54,4
DA:55,6
DA:56,6
DA:57,4
DA:58,2
DA:59,2
DA:62,4
DA:64,1
DA:67,2
DA:68,1
DA:71,1
DA:72,1
DA:75,1
DA:77,1
DA:79,1
LF:38
LH:37
BRDA:15,0,0,1
BRDA:15,0,1,0
BRDA:56,1,0,4
BRDA:56,1,1,2
BRDA:58,2,0,2
BRDA:58,2,1,0
BRF:6
BRH:4
end_of_record
